Using pre-set license
Built from '2022.3/staging' branch; Version is '2022.3.22f1 (887be4894c44) revision 8944612'; Using compiler version '192829333'; Build Type 'Release'
OS: 'Windows 11  (10.0.22631) 64bit Education' Language: 'en' Physical Memory: 32633 MB
BatchMode: 1, IsHumanControllingUs: 0, StartBugReporterOnCrash: 0, Is64bit: 1, IsPro: 1

COMMAND LINE ARGUMENTS:
C:\Program Files\Unity 2022.3.22f1\Editor\Unity.exe
-adb2
-batchMode
-noUpm
-name
AssetImportWorker2
-projectPath
C:/Users/apabiani/Desktop/TheTavernAudio_blank-main
-logFile
Logs/AssetImportWorker2.log
-srvPort
65423
Successfully changed project path to: C:/Users/apabiani/Desktop/TheTavernAudio_blank-main
C:/Users/apabiani/Desktop/TheTavernAudio_blank-main
[UnityMemory] Configuration Parameters - Can be set up in boot.config
    "memorysetup-bucket-allocator-granularity=16"
    "memorysetup-bucket-allocator-bucket-count=8"
    "memorysetup-bucket-allocator-block-size=33554432"
    "memorysetup-bucket-allocator-block-count=8"
    "memorysetup-main-allocator-block-size=16777216"
    "memorysetup-thread-allocator-block-size=16777216"
    "memorysetup-gfx-main-allocator-block-size=16777216"
    "memorysetup-gfx-thread-allocator-block-size=16777216"
    "memorysetup-cache-allocator-block-size=4194304"
    "memorysetup-typetree-allocator-block-size=2097152"
    "memorysetup-profiler-bucket-allocator-granularity=16"
    "memorysetup-profiler-bucket-allocator-bucket-count=8"
    "memorysetup-profiler-bucket-allocator-block-size=33554432"
    "memorysetup-profiler-bucket-allocator-block-count=8"
    "memorysetup-profiler-allocator-block-size=16777216"
    "memorysetup-profiler-editor-allocator-block-size=1048576"
    "memorysetup-temp-allocator-size-main=16777216"
    "memorysetup-job-temp-allocator-block-size=2097152"
    "memorysetup-job-temp-allocator-block-size-background=1048576"
    "memorysetup-job-temp-allocator-reduction-small-platforms=262144"
    "memorysetup-allocator-temp-initial-block-size-main=262144"
    "memorysetup-allocator-temp-initial-block-size-worker=262144"
    "memorysetup-temp-allocator-size-background-worker=32768"
    "memorysetup-temp-allocator-size-job-worker=262144"
    "memorysetup-temp-allocator-size-preload-manager=33554432"
    "memorysetup-temp-allocator-size-nav-mesh-worker=65536"
    "memorysetup-temp-allocator-size-audio-worker=65536"
    "memorysetup-temp-allocator-size-cloud-worker=32768"
    "memorysetup-temp-allocator-size-gi-baking-worker=262144"
    "memorysetup-temp-allocator-size-gfx=262144"
Player connection [10396] Host "[IP] 172.25.4.17 [Port] 0 [Flags] 2 [Guid] 4068312634 [EditorId] 4068312634 [Version] 1048832 [Id] WindowsEditor(7,CDV-N30113) [Debug] 1 [PackageName] WindowsEditor [ProjectName] Editor" joined multi-casting on [225.0.0.222:54997]...

Player connection [10396] Host "[IP] 172.25.4.17 [Port] 0 [Flags] 2 [Guid] 4068312634 [EditorId] 4068312634 [Version] 1048832 [Id] WindowsEditor(7,CDV-N30113) [Debug] 1 [PackageName] WindowsEditor [ProjectName] Editor" joined alternative multi-casting on [225.0.0.222:34997]...

[Physics::Module] Initialized MultithreadedJobDispatcher with 15 workers.
Refreshing native plugins compatible for Editor in 18.33 ms, found 5 plugins.
Preloading 0 native plugins for Editor in 0.00 ms.
Initialize engine version: 2022.3.22f1 (887be4894c44)
[Subsystems] Discovering subsystems at path C:/Program Files/Unity 2022.3.22f1/Editor/Data/Resources/UnitySubsystems
[Subsystems] Discovering subsystems at path C:/Users/apabiani/Desktop/TheTavernAudio_blank-main/Assets
GfxDevice: creating device client; threaded=0; jobified=0
Direct3D:
    Version:  Direct3D 11.0 [level 11.1]
    Renderer: NVIDIA GeForce RTX 3080 Ti (ID=0x2208)
    Vendor:   NVIDIA
    VRAM:     12086 MB
    Driver:   32.0.15.6603
Initialize mono
Mono path[0] = 'C:/Program Files/Unity 2022.3.22f1/Editor/Data/Managed'
Mono path[1] = 'C:/Program Files/Unity 2022.3.22f1/Editor/Data/MonoBleedingEdge/lib/mono/unityjit-win32'
Mono config path = 'C:/Program Files/Unity 2022.3.22f1/Editor/Data/MonoBleedingEdge/etc'
Using monoOptions --debugger-agent=transport=dt_socket,embedding=1,server=y,suspend=n,address=127.0.0.1:56176
Begin MonoManager ReloadAssembly
Registering precompiled unity dll's ...
Register platform support module: C:/Program Files/Unity 2022.3.22f1/Editor/Data/PlaybackEngines/WindowsStandaloneSupport/UnityEditor.WindowsStandalone.Extensions.dll
Registered in 0.004223 seconds.
- Loaded All Assemblies, in  0.261 seconds
Native extension for WindowsStandalone target not found
Mono: successfully reloaded assembly
- Finished resetting the current domain, in  0.222 seconds
Domain Reload Profiling: 482ms
	BeginReloadAssembly (81ms)
		ExecutionOrderSort (0ms)
		DisableScriptedObjects (0ms)
		BackupInstance (0ms)
		ReleaseScriptingObjects (0ms)
		CreateAndSetChildDomain (1ms)
	RebuildCommonClasses (28ms)
	RebuildNativeTypeToScriptingClass (8ms)
	initialDomainReloadingComplete (42ms)
	LoadAllAssembliesAndSetupDomain (100ms)
		LoadAssemblies (79ms)
		RebuildTransferFunctionScriptingTraits (0ms)
		AnalyzeDomain (99ms)
			TypeCache.Refresh (98ms)
				TypeCache.ScanAssembly (88ms)
			ScanForSourceGeneratedMonoScriptInfo (0ms)
			ResolveRequiredComponents (0ms)
	FinalizeReload (222ms)
		ReleaseScriptCaches (0ms)
		RebuildScriptCaches (0ms)
		SetupLoadedEditorAssemblies (176ms)
			LogAssemblyErrors (0ms)
			InitializePlatformSupportModulesInManaged (7ms)
			SetLoadedEditorAssemblies (6ms)
			RefreshPlugins (0ms)
			BeforeProcessingInitializeOnLoad (2ms)
			ProcessInitializeOnLoadAttributes (122ms)
			ProcessInitializeOnLoadMethodAttributes (40ms)
			AfterProcessingInitializeOnLoad (0ms)
			EditorAssembliesLoaded (0ms)
		ExecutionOrderSort2 (0ms)
		AwakeInstancesAfterBackupRestoration (0ms)
========================================================================
Worker process is ready to serve import requests
Begin MonoManager ReloadAssembly
- Loaded All Assemblies, in  0.553 seconds
Refreshing native plugins compatible for Editor in 12.01 ms, found 5 plugins.
Native extension for WindowsStandalone target not found
System.Exception: Error! Visual Scripting: couldn't find visual scripting package
  at Unity.VisualScripting.PackageVersionUtility.get_version () [0x00043] in .\Library\PackageCache\com.unity.visualscripting@1.9.2\Editor\VisualScripting.Core\Utilities\PackageVersionUtility.cs:31 
  at Unity.VisualScripting.BoltCoreManifest.get_version () [0x00000] in .\Library\PackageCache\com.unity.visualscripting@1.9.2\Editor\VisualScripting.Core\Plugin\BoltCoreManifest.cs:11 
  at Unity.VisualScripting.PluginManifest.get_currentVersion () [0x00000] in .\Library\PackageCache\com.unity.visualscripting@1.9.2\Editor\VisualScripting.Core\Plugins\PluginManifest.cs:33 
  at Unity.VisualScripting.PluginManifest.get_versionMismatch () [0x00000] in .\Library\PackageCache\com.unity.visualscripting@1.9.2\Editor\VisualScripting.Core\Plugins\PluginManifest.cs:48 
  at Unity.VisualScripting.PluginContainer.Initialize () [0x00525] in .\Library\PackageCache\com.unity.visualscripting@1.9.2\Editor\VisualScripting.Core\Plugins\PluginContainer.cs:208 
  at Unity.VisualScripting.PluginContainer.InitializeOnLoad () [0x00009] in .\Library\PackageCache\com.unity.visualscripting@1.9.2\Editor\VisualScripting.Core\Plugins\PluginContainer.cs:32 
  at Unity.VisualScripting.VSUsageUtility.DoInitializeOnLoadCalls () [0x00034] in .\Library\PackageCache\com.unity.visualscripting@1.9.2\Editor\VisualScripting.Core\Utilities\VSUsageUtility.cs:76 
  at Unity.VisualScripting.VSUsageUtility.set_isVisualScriptingUsed (System.Boolean value) [0x0002c] in .\Library\PackageCache\com.unity.visualscripting@1.9.2\Editor\VisualScripting.Core\Utilities\VSUsageUtility.cs:114 
  at Unity.VisualScripting.VSUsageUtility.CheckAndSetIsVisualScriptingUsed () [0x00032] in .\Library\PackageCache\com.unity.visualscripting@1.9.2\Editor\VisualScripting.Core\Utilities\VSUsageUtility.cs:48 
  at Unity.VisualScripting.VSUsageUtility..cctor () [0x00000] in .\Library\PackageCache\com.unity.visualscripting@1.9.2\Editor\VisualScripting.Core\Utilities\VSUsageUtility.cs:22 
UnityEngine.StackTraceUtility:ExtractStackTrace ()
UnityEngine.DebugLogHandler:LogFormat (UnityEngine.LogType,UnityEngine.Object,string,object[])
UnityEngine.Logger:Log (UnityEngine.LogType,object)
UnityEngine.Debug:LogError (object)
UnityEditor.EditorAssemblies:ProcessInitializeOnLoadAttributes (System.Type[])

Package Manager log level set to [2]
[Package Manager] Server::EnsureServerProcessIsRunning -- launch failed, reason: Unity was launched with the -noUpm command-line argument
[Package Manager] UpmClient::Send -- Unable to send message (not connected to UPM process).
[Package Manager] Cannot connect to Unity Package Manager local server
Mono: successfully reloaded assembly
- Finished resetting the current domain, in  0.917 seconds
Domain Reload Profiling: 1467ms
	BeginReloadAssembly (118ms)
		ExecutionOrderSort (0ms)
		DisableScriptedObjects (4ms)
		BackupInstance (0ms)
		ReleaseScriptingObjects (0ms)
		CreateAndSetChildDomain (18ms)
	RebuildCommonClasses (42ms)
	RebuildNativeTypeToScriptingClass (8ms)
	initialDomainReloadingComplete (36ms)
	LoadAllAssembliesAndSetupDomain (347ms)
		LoadAssemblies (255ms)
		RebuildTransferFunctionScriptingTraits (0ms)
		AnalyzeDomain (162ms)
			TypeCache.Refresh (146ms)
				TypeCache.ScanAssembly (134ms)
			ScanForSourceGeneratedMonoScriptInfo (11ms)
			ResolveRequiredComponents (4ms)
	FinalizeReload (917ms)
		ReleaseScriptCaches (0ms)
		RebuildScriptCaches (0ms)
		SetupLoadedEditorAssemblies (780ms)
			LogAssemblyErrors (0ms)
			InitializePlatformSupportModulesInManaged (6ms)
			SetLoadedEditorAssemblies (4ms)
			RefreshPlugins (0ms)
			BeforeProcessingInitializeOnLoad (47ms)
			ProcessInitializeOnLoadAttributes (702ms)
			ProcessInitializeOnLoadMethodAttributes (16ms)
			AfterProcessingInitializeOnLoad (5ms)
			EditorAssembliesLoaded (0ms)
		ExecutionOrderSort2 (0ms)
		AwakeInstancesAfterBackupRestoration (6ms)
Launched and connected shader compiler UnityShaderCompiler.exe after 0.03 seconds
Refreshing native plugins compatible for Editor in 17.06 ms, found 5 plugins.
Preloading 0 native plugins for Editor in 0.00 ms.
Unloading 3288 Unused Serialized files (Serialized files now loaded: 0)
Unloading 98 unused Assets / (94.3 KB). Loaded Objects now: 3712.
Memory consumption went from 139.4 MB to 139.3 MB.
Total: 14.232800 ms (FindLiveObjects: 0.236200 ms CreateObjectMapping: 0.133000 ms MarkObjects: 13.610600 ms  DeleteObjects: 0.251600 ms)

AssetImportParameters requested are different than current active one (requested -> active):
  custom:container-demuxer-ogg: 62fdf1f143b41e24485cea50d1cbac27 -> 
  custom:video-codec-MediaFoundation-h265: 746d11721c4dcdbdad8f713fa42b33f4 -> 
  custom:video-decoder-ogg-theora: a1e56fd34408186e4bbccfd4996cb3dc -> 
  custom:framework-win-MediaFoundation: 216162199b28c13a410421893ffa2e32 -> 
  custom:CustomObjectIndexerAttribute: 9a22284fe3817be447336de3de66b15e -> 
  custom:container-demuxer-webm: 4f35f7cbe854078d1ac9338744f61a02 -> 
  custom:container-muxer-webm: aa71ff27fc2769a1b78a27578f13a17b -> 
  custom:video-decoder-webm-vp8: 9c59270c3fd7afecdb556c50c9e8de78 -> 
  custom:SearchIndexIgnoredProperties: e643bd26f0fe6173181afceb89e7c659 -> 
  custom:AudioImporter_EditorPlatform: d09bf68614088b80899f8185d706f6e7 -> 
  custom:video-encoder-webm-vp8: eb34c28f22e8b96e1ab97ce403110664 -> 
  custom:audio-decoder-ogg-vorbis: bf7c407c2cedff20999df2af8eb42d56 -> 
  custom:audio-encoder-webm-vorbis: bf7c407c2cedff20999df2af8eb42d56 -> 
========================================================================
Received Import Request.
  Time since last request: 1239.551487 seconds.
  path: Assets/Audio_samples/Footsteps/Wood/Foot_wood_land.wav
  artifactKey: Guid(b929c8391e4e84a49b521a4587af177f) Importer(815301076,1909f56bfc062723c751e8b465ee728b)
Start importing Assets/Audio_samples/Footsteps/Wood/Foot_wood_land.wav using Guid(b929c8391e4e84a49b521a4587af177f) Importer(815301076,1909f56bfc062723c751e8b465ee728b)  -> (artifact id: '171e6214c2a8451e76b2221aae902f65') in 0.078136 seconds
Number of updated asset objects reloaded before import = 0
Number of asset objects unloaded after import = 2
========================================================================
Received Import Request.
  Time since last request: 0.000022 seconds.
  path: Assets/Audio_samples/Footsteps/Stone/Foot_stone_land.wav
  artifactKey: Guid(725eec3fb24bef94aabea9e62ac15ff4) Importer(815301076,1909f56bfc062723c751e8b465ee728b)
Start importing Assets/Audio_samples/Footsteps/Stone/Foot_stone_land.wav using Guid(725eec3fb24bef94aabea9e62ac15ff4) Importer(815301076,1909f56bfc062723c751e8b465ee728b)  -> (artifact id: 'd7d4fc4136b1c27bbadeed2c9f6fb254') in 0.006836 seconds
Number of updated asset objects reloaded before import = 0
Number of asset objects unloaded after import = 2
========================================================================
Received Import Request.
  Time since last request: 0.000023 seconds.
  path: Assets/Audio_samples/Footsteps/Wood/Foot_wood_6.wav
  artifactKey: Guid(ecaee899c64bd8542ab3de7dfab6ae30) Importer(815301076,1909f56bfc062723c751e8b465ee728b)
Start importing Assets/Audio_samples/Footsteps/Wood/Foot_wood_6.wav using Guid(ecaee899c64bd8542ab3de7dfab6ae30) Importer(815301076,1909f56bfc062723c751e8b465ee728b)  -> (artifact id: 'c44d6ded5c5b549a469412e6d9a5bba6') in 0.006836 seconds
Number of updated asset objects reloaded before import = 0
Number of asset objects unloaded after import = 2
========================================================================
Received Import Request.
  Time since last request: 0.000061 seconds.
  path: Assets/Audio_samples/Footsteps/Wood/Foot_wood_3.wav
  artifactKey: Guid(b840a7eb723f6494aab4dc8e0dfff800) Importer(815301076,1909f56bfc062723c751e8b465ee728b)
Start importing Assets/Audio_samples/Footsteps/Wood/Foot_wood_3.wav using Guid(b840a7eb723f6494aab4dc8e0dfff800) Importer(815301076,1909f56bfc062723c751e8b465ee728b)  -> (artifact id: '797a9003617b9a6c0b72c8133c124890') in 0.005393 seconds
Number of updated asset objects reloaded before import = 0
Number of asset objects unloaded after import = 2
========================================================================
Received Import Request.
  Time since last request: 0.000030 seconds.
  path: Assets/Audio_samples/Footsteps/Stone/Foot_stone_5.wav
  artifactKey: Guid(c9a95d70a17522f45a3952a100336870) Importer(815301076,1909f56bfc062723c751e8b465ee728b)
Start importing Assets/Audio_samples/Footsteps/Stone/Foot_stone_5.wav using Guid(c9a95d70a17522f45a3952a100336870) Importer(815301076,1909f56bfc062723c751e8b465ee728b)  -> (artifact id: '82a1937ff27a464df1dd755cea9230cb') in 0.005210 seconds
Number of updated asset objects reloaded before import = 0
Number of asset objects unloaded after import = 2
========================================================================
Received Import Request.
  Time since last request: 0.000013 seconds.
  path: Assets/Audio_samples/Footsteps/Wood/Foot_wood_4.wav
  artifactKey: Guid(e72051ae9190dde479116ebb547536cb) Importer(815301076,1909f56bfc062723c751e8b465ee728b)
Start importing Assets/Audio_samples/Footsteps/Wood/Foot_wood_4.wav using Guid(e72051ae9190dde479116ebb547536cb) Importer(815301076,1909f56bfc062723c751e8b465ee728b)  -> (artifact id: '49ce8586504bb6075e6ccb717aae9a3c') in 0.004391 seconds
Number of updated asset objects reloaded before import = 0
Number of asset objects unloaded after import = 2
========================================================================
Received Import Request.
  Time since last request: 0.000044 seconds.
  path: Assets/Audio_samples/Footsteps/Wood/Foot_wood_2.wav
  artifactKey: Guid(6d432a2ba40e9114fa352edaf2c85205) Importer(815301076,1909f56bfc062723c751e8b465ee728b)
Start importing Assets/Audio_samples/Footsteps/Wood/Foot_wood_2.wav using Guid(6d432a2ba40e9114fa352edaf2c85205) Importer(815301076,1909f56bfc062723c751e8b465ee728b)  -> (artifact id: '7c080b47baab7fd612a0b6e7c51a91be') in 0.005017 seconds
Number of updated asset objects reloaded before import = 0
Number of asset objects unloaded after import = 2
========================================================================
Received Import Request.
  Time since last request: 0.000014 seconds.
  path: Assets/Audio_samples/Footsteps/Stone/Foot_stone_1.wav
  artifactKey: Guid(ad8eb7a231d2d6a429cfa590cf2da00a) Importer(815301076,1909f56bfc062723c751e8b465ee728b)
Start importing Assets/Audio_samples/Footsteps/Stone/Foot_stone_1.wav using Guid(ad8eb7a231d2d6a429cfa590cf2da00a) Importer(815301076,1909f56bfc062723c751e8b465ee728b)  -> (artifact id: '48116cbd628a90d466a46be18ab0b5de') in 0.004711 seconds
Number of updated asset objects reloaded before import = 0
Number of asset objects unloaded after import = 2
========================================================================
Received Import Request.
  Time since last request: 0.000050 seconds.
  path: Assets/Audio_samples/Footsteps/Stone/Foot_stone_2.wav
  artifactKey: Guid(fada87590a54a184abedc55ceb2b1cc4) Importer(815301076,1909f56bfc062723c751e8b465ee728b)
Start importing Assets/Audio_samples/Footsteps/Stone/Foot_stone_2.wav using Guid(fada87590a54a184abedc55ceb2b1cc4) Importer(815301076,1909f56bfc062723c751e8b465ee728b)  -> (artifact id: '1ec420c1703f0100e82b16eaa74de5fb') in 0.004929 seconds
Number of updated asset objects reloaded before import = 0
Number of asset objects unloaded after import = 2
========================================================================
Received Import Request.
  Time since last request: 0.000027 seconds.
  path: Assets/Audio_samples/Footsteps/Wood/Foot_wood_5.wav
  artifactKey: Guid(1e4a05dc29ddab24d932ccc41112eb50) Importer(815301076,1909f56bfc062723c751e8b465ee728b)
Start importing Assets/Audio_samples/Footsteps/Wood/Foot_wood_5.wav using Guid(1e4a05dc29ddab24d932ccc41112eb50) Importer(815301076,1909f56bfc062723c751e8b465ee728b)  -> (artifact id: 'cc0500419af7cc2354c8231d6d33c171') in 0.006215 seconds
Number of updated asset objects reloaded before import = 0
Number of asset objects unloaded after import = 2
========================================================================
Received Import Request.
  Time since last request: 0.000018 seconds.
  path: Assets/Audio_samples/Footsteps/Wood/Foot_wood_jump.wav
  artifactKey: Guid(512586de1291a8b4983fcf67e42a9b12) Importer(815301076,1909f56bfc062723c751e8b465ee728b)
Start importing Assets/Audio_samples/Footsteps/Wood/Foot_wood_jump.wav using Guid(512586de1291a8b4983fcf67e42a9b12) Importer(815301076,1909f56bfc062723c751e8b465ee728b)  -> (artifact id: 'c2ce444d2a7473ca37d8b0120dd6fe3f') in 0.004679 seconds
Number of updated asset objects reloaded before import = 0
Number of asset objects unloaded after import = 2
========================================================================
Received Import Request.
  Time since last request: 0.000089 seconds.
  path: Assets/Audio_samples/Footsteps/Wood/Foot_wood_1.wav
  artifactKey: Guid(c75991db68b23ed49a489053d9f9318e) Importer(815301076,1909f56bfc062723c751e8b465ee728b)
Start importing Assets/Audio_samples/Footsteps/Wood/Foot_wood_1.wav using Guid(c75991db68b23ed49a489053d9f9318e) Importer(815301076,1909f56bfc062723c751e8b465ee728b)  -> (artifact id: '4be640bb465a68d70d72719aec685e2e') in 0.006288 seconds
Number of updated asset objects reloaded before import = 0
Number of asset objects unloaded after import = 2
========================================================================
Received Import Request.
  Time since last request: 0.000023 seconds.
  path: Assets/Audio_samples/Footsteps/Stone/Foot_stone_3.wav
  artifactKey: Guid(51c3b49452c33c544ba2117a9ba717b4) Importer(815301076,1909f56bfc062723c751e8b465ee728b)
Start importing Assets/Audio_samples/Footsteps/Stone/Foot_stone_3.wav using Guid(51c3b49452c33c544ba2117a9ba717b4) Importer(815301076,1909f56bfc062723c751e8b465ee728b)  -> (artifact id: '9aeaa23ed9fe75e7e14d427bf995d0cd') in 0.007143 seconds
Number of updated asset objects reloaded before import = 0
Number of asset objects unloaded after import = 2
Editor requested this worker to shutdown with reason: Scaling down because of idle timeout
TcpMessagingSession - receive error: operation aborted. errorcode: 995, details: The I/O operation has been aborted because of either a thread exit or an application request.
AssetImportWorker is now disconnected from the server
Process exiting
Exiting without the bug reporter. Application will terminate with return code 0